
=== Tue Nov  9 09:30:55 2021

Packages were changed.
Update Mode: updateDependencies

The following packages were updated:
  com.unity.2d.animation from version 5.0.6 to 6.0.3
  com.unity.2d.pixel-perfect from version 4.0.1 to 5.0.0
  com.unity.2d.psdimporter from version 4.0.2 to 5.0.3
  com.unity.2d.spriteshape from version 5.1.3 to 6.0.0
  com.unity.collab-proxy from version 1.3.9 to 1.5.7
  com.unity.ide.rider from version 2.0.7 to 3.0.7
  com.unity.timeline from version 1.4.8 to 1.5.5

=== Thu Nov 11 21:19:41 2021

Packages were changed.
Update Mode: mergeDefaultDependencies

The following packages were added:
  com.unity.cinemachine@2.6.3
  com.unity.inputsystem@1.0.2
  com.unity.render-pipelines.universal@10.2.2

=== Sat Nov 27 15:27:10 2021

Packages were changed.
Update Mode: mergeDefaultDependencies

The following packages were added:
  com.unity.ext.nunit@1.0.6
  com.unity.postprocessing@3.0.3
  com.unity.xr.legacyinputhelpers@2.1.7
